MPI Test
1 Proceso
 0.472516
 0.475872
 0.467693
 0.470236
 0.474030
 0.467543
 0.468172
 0.468409
 0.474079
 0.472888
 0.473611
 0.472436
 0.474099
 0.473827
 0.468798
 0.471937
 0.469834
 0.467772
 0.470771
 0.467692
 0.474013
 0.475157
 0.470525
 0.473954
 0.470197
 0.472911
 0.471761
 0.473892
 0.469558
 0.469282
 0.467643
 0.474833
 0.470385
 0.470018
 0.470191
 0.469431
 0.473982
 0.469401
 0.476036
 0.473499
 0.469167
 0.470102
 0.475509
 0.467738
 0.473250
 0.469966
 0.467809
 0.473885
 0.470133
 0.470230
 0.474036
 0.470717
 0.467883
 0.475293
 0.473861
 0.470271
 0.470275
 0.472879
 0.473585
 0.468496
 0.467563
 0.473684
 0.470322
 0.470258
 0.474093
 0.469379
 0.472715
 0.467898
 0.469640
 0.474004
 0.468677
 0.474112
 0.474488
 0.468468
 0.475328
 0.469299
 0.470150
 0.473820
 0.471767
 0.470238
 0.470400
 0.473948
 0.471607
 0.472536
 0.476744
 0.468321
 0.475105
 0.469239
 0.469789
 0.469239
 0.469666
 0.469752
 0.469156
 0.473483
 0.474209
 0.472143
 0.470243
 0.468964
 0.473086
 0.469588
 0.469977
2 Procesos
 0.357179
 0.355866
 0.353592
 0.352804
 0.355829
 0.352483
 0.359450
 0.357499
 0.352118
 0.356073
 0.353456
 0.353981
 0.358766
 0.352198
 0.352781
 0.352288
 0.351554
 0.351740
 0.356587
 0.353005
 0.353010
 0.352731
 0.353537
 0.351608
 0.352938
 0.353584
 0.353543
 0.351716
 0.357006
 0.358440
 0.352668
 0.356412
 0.353416
 0.351572
 0.357982
 0.353463
 0.356577
 0.352036
 0.356490
 0.356957
 0.353176
 0.351537
 0.358313
 0.351524
 0.352992
 0.357227
 0.351794
 0.351552
 0.352854
 0.352912
 0.357606
 0.352573
 0.353197
 0.352303
 0.352710
 0.351422
 0.353364
 0.357987
 0.353543
 0.352385
 0.353457
 0.357805
 0.352100
 0.356449
 0.357009
 0.352750
 0.356680
 0.352627
 0.358598
 0.356743
 0.353171
 0.353737
 0.351582
 0.356190
 0.356164
 0.352396
 0.351554
 0.358358
 0.353355
 0.357518
 0.352981
 0.352554
 0.351684
 0.351558
 0.352921
 0.352671
 0.351816
 0.352327
 0.352813
 0.352783
 0.356480
 0.353396
 0.351703
 0.355316
 0.356847
 0.356598
 0.352826
 0.352062
 0.356765
 0.353636
 0.352914
4 Procesos
 0.295307
 0.294045
 0.294073
 0.299972
 0.294451
 0.294434
 0.301639
 0.294823
 0.293693
 0.293966
 0.297939
 0.293389
 0.299465
 0.294697
 0.293911
 0.294344
 0.300108
 0.300033
 0.294525
 0.294803
 0.294760
 0.293421
 0.294419
 0.293335
 0.294659
 0.293607
 0.294175
 0.293413
 0.293823
 0.293316
 0.296727
 0.295091
 0.293346
 0.299370
 0.293829
 0.294676
 0.293525
 0.294892
 0.298711
 0.294568
 0.294883
 0.298139
 0.294188
 0.293382
 0.294145
 0.294015
 0.294289
 0.294043
 0.293572
 0.294223
 0.298981
 0.298100
 0.293666
 0.293599
 0.300005
 0.294667
 0.299387
 0.300350
 0.294672
 0.294618
 0.298323
 0.294771
 0.294596
 0.294261
 0.294270
 0.293450
 0.293726
 0.294160
 0.294123
 0.294477
 0.294220
 0.297599
 0.294568
 0.298880
 0.294110
 0.294173
 0.299411
 0.293510
 0.294285
 0.293693
 0.301177
 0.293342
 0.299180
 0.299092
 0.299891
 0.294156
 0.298336
 0.294806
 0.298655
 0.299357
 0.294354
 0.294121
 0.293653
 0.299433
 0.293938
 0.293542
 0.294561
 0.294598
 0.294199
 0.299279
 0.299793
8 Procesos
 0.264719
 0.285223
 0.264557
 0.264600
 0.288738
 0.264622
 0.265248
 0.282157
 0.264898
 0.264766
 0.270452
 0.264687
 0.264492
 0.267703
 0.265244
 0.264551
 0.265049
 0.270950
 0.269648
 0.264518
 0.264818
 0.264443
 0.283636
 0.268461
 0.270011
 0.268014
 0.268269
 0.269584
 0.265075
 0.271222
 0.284301
 0.270225
 0.265315
 0.264483
 0.264470
 0.269754
 0.264987
 0.268003
 0.268035
 0.270458
 0.270680
 0.264617
 0.265099
 0.282019
 0.265092
 0.264321
 0.264863
 0.270553
 0.265324
 0.284610
 0.264416
 0.264712
 0.264576
 0.265254
 0.270149
 0.264782
 0.264963
 0.264717
 0.265436
 0.269556
 0.271481
 0.265781
 0.272697
 0.265094
 0.269914
 0.281457
 0.264741
 0.268199
 0.271017
 0.282722
 0.264889
 0.265267
 0.264419
 0.270251
 0.264794
 0.269463
 0.270005
 0.285989
 0.264401
 0.268733
 0.265015
 0.272587
 0.264887
 0.264728
 0.264693
 0.264648
 0.265157
 0.270048
 0.267731
 0.265127
 0.270510
 0.264300
 0.264747
 0.271175
 0.269584
 0.269443
 0.265379
 0.268204
 0.264414
 0.269588
 0.264488
