OMP Test
1 Proceso
 0.197597
 0.192896
 0.182470
 0.179699
 0.173701
 0.174399
 0.176977
 0.191227
 0.176605
 0.171661
 0.176981
 0.170508
 0.177532
 0.190472
 0.170048
 0.173053
 0.171410
 0.189366
 0.173429
 0.167141
 0.166556
 0.170112
 0.170749
 0.164507
 0.170089
 0.173328
 0.181966
 0.171844
 0.175741
 0.171140
 0.169735
 0.169760
 0.173956
 0.168923
 0.173282
 0.165358
 0.165777
 0.168731
 0.176236
 0.171306
 0.169771
 0.171090
 0.169132
 0.170434
 0.167403
 0.175692
 0.167653
 0.167415
 0.187829
 0.174435
 0.176156
 0.192078
 0.168173
 0.167575
 0.165511
 0.171395
 0.167212
 0.172494
 0.163300
 0.166327
 0.173839
 0.168296
 0.169072
 0.189222
 0.165934
 0.166526
 0.173759
 0.175921
 0.178991
 0.177409
 0.167228
 0.168992
 0.189144
 0.168411
 0.169875
 0.171892
 0.164073
 0.166900
 0.170611
 0.166060
 0.164876
 0.175130
 0.168685
 0.168556
 0.166517
 0.203468
 0.185883
 0.163017
 0.175949
 0.180664
 0.168625
 0.180602
 0.174578
 0.184787
 0.174109
 0.175888
 0.193942
 0.179121
 0.166591
 0.168083
2 Procesos
 0.168502
 0.169802
 0.170754
 0.182251
 0.172265
 0.176255
 0.174334
 0.167340
 0.177708
 0.189774
 0.173695
 0.183702
 0.172829
 0.173889
 0.181453
 0.174170
 0.174787
 0.168126
 0.178589
 0.172853
 0.173459
 0.171317
 0.179961
 0.175551
 0.164641
 0.166081
 0.177788
 0.165371
 0.164911
 0.168364
 0.178045
 0.169005
 0.171172
 0.185102
 0.168428
 0.175122
 0.168014
 0.170114
 0.175716
 0.173442
 0.167282
 0.169450
 0.169337
 0.171745
 0.173420
 0.165813
 0.176180
 0.167156
 0.198992
 0.173137
 0.166109
 0.165707
 0.171142
 0.172643
 0.165613
 0.175202
 0.187181
 0.162782
 0.175102
 0.173755
 0.172749
 0.166394
 0.171674
 0.173284
 0.172246
 0.165783
 0.177091
 0.173660
 0.176255
 0.171360
 0.174547
 0.174774
 0.167236
 0.171928
 0.168553
 0.166908
 0.167146
 0.179118
 0.163252
 0.166496
 0.166031
 0.178566
 0.173267
 0.165237
 0.168052
 0.175659
 0.173390
 0.163564
 0.164531
 0.186523
 0.172567
 0.168527
 0.164881
 0.178702
 0.172537
 0.166364
 0.172785
 0.182530
 0.172542
 0.171769
4 Procesos
 0.162449
 0.165045
 0.167402
 0.168107
 0.186084
 0.164947
 0.165226
 0.174455
 0.170004
 0.173278
 0.166494
 0.168560
 0.169430
 0.175253
 0.166746
 0.166086
 0.179162
 0.174409
 0.174409
 0.170480
 0.177529
 0.173202
 0.166038
 0.173191
 0.173295
 0.173831
 0.165995
 0.171367
 0.173183
 0.172498
 0.172758
 0.175888
 0.171600
 0.165498
 0.174670
 0.171339
 0.168588
 0.163959
 0.177342
 0.172000
 0.164997
 0.174029
 0.173258
 0.170691
 0.173468
 0.165317
 0.166506
 0.172956
 0.174571
 0.164518
 0.185283
 0.168988
 0.166962
 0.173822
 0.175370
 0.166046
 0.172403
 0.169529
 0.172291
 0.164546
 0.163252
 0.176126
 0.190293
 0.172023
 0.175105
 0.165781
 0.176050
 0.171699
 0.170933
 0.166547
 0.176692
 0.172209
 0.171872
 0.173934
 0.177525
 0.172881
 0.164511
 0.176271
 0.172561
 0.170555
 0.172282
 0.167564
 0.206448
 0.166342
 0.166995
 0.171864
 0.172608
 0.165055
 0.172807
 0.171939
 0.180112
 0.173142
 0.163464
 0.168080
 0.176299
 0.166481
 0.179738
 0.172807
 0.166200
 0.172107
8 Procesos
 0.165161
 0.165395
 0.175392
 0.165965
 0.172596
 0.180798
 0.167117
 0.166288
 0.173120
 0.189353
 0.166401
 0.165898
 0.175968
 0.173034
 0.170963
 0.166584
 0.173837
 0.172060
 0.163954
 0.167435
 0.165520
 0.172483
 0.170065
 0.171479
 0.163974
 0.172218
 0.173323
 0.171451
 0.166263
 0.168914
 0.166444
 0.166649
 0.165047
 0.196451
 0.174163
 0.166118
 0.174431
 0.181165
 0.165291
 0.166416
 0.173844
 0.178637
 0.164881
 0.166135
 0.173589
 0.179112
 0.172062
 0.169583
 0.175659
 0.170965
 0.171587
 0.173453
 0.176748
 0.173589
 0.171671
 0.164250
 0.164850
 0.172125
 0.165667
 0.166809
 0.180732
 0.164472
 0.167882
 0.172952
 0.171438
 0.172321
 0.167312
 0.166716
 0.175267
 0.174740
 0.173135
 0.166666
 0.173822
 0.176143
 0.168255
 0.177100
 0.176566
 0.172326
 0.172509
 0.164699
 0.167152
 0.165073
 0.170218
 0.165312
 0.171915
 0.177028
 0.167886
 0.173686
 0.164507
 0.173055
 0.177640
 0.164362
 0.164101
 0.167016
 0.173241
 0.166407
 0.166537
 0.180924
 0.172239
 0.171516
