MPI Test
1 Proceso
 0.002017
 0.002038
 0.002040
 0.001987
 0.001978
 0.001905
 0.002209
 0.002032
 0.002047
 0.002075
 0.001984
 0.002053
 0.001978
 0.001954
 0.002051
 0.002036
 0.002068
 0.001973
 0.001982
 0.001894
 0.001965
 0.001986
 0.001933
 0.001911
 0.001987
 0.001822
 0.002028
 0.002187
 0.001976
 0.002019
 0.002045
 0.002149
 0.001980
 0.002064
 0.002062
 0.002030
 0.002006
 0.002008
 0.002015
 0.001997
 0.002118
 0.002101
 0.001973
 0.002049
 0.001960
 0.002012
 0.002146
 0.002202
 0.002123
 0.001939
 0.001978
 0.002015
 0.002006
 0.001907
 0.002021
 0.001995
 0.001954
 0.001980
 0.002081
 0.002183
 0.001971
 0.002326
 0.002008
 0.002043
 0.001926
 0.002002
 0.002002
 0.002213
 0.001987
 0.001967
 0.002084
 0.001851
 0.001987
 0.001954
 0.002373
 0.001974
 0.002274
 0.002194
 0.002041
 0.002000
 0.002090
 0.002010
 0.002079
 0.001995
 0.002004
 0.002002
 0.001911
 0.002107
 0.001853
 0.002157
 0.002028
 0.002081
 0.002204
 0.002267
 0.002049
 0.002174
 0.002002
 0.002081
 0.002241
 0.001987
 0.001986
2 Procesos
 0.002548
 0.002429
 0.002608
 0.002611
 0.002393
 0.003031
 0.002414
 0.002647
 0.002883
 0.002541
 0.002639
 0.002803
 0.002433
 0.002505
 0.002652
 0.002494
 0.002624
 0.002559
 0.002677
 0.002485
 0.002515
 0.002474
 0.002429
 0.002557
 0.002583
 0.003276
 0.002591
 0.002798
 0.002628
 0.002498
 0.002457
 0.002457
 0.002623
 0.002557
 0.002619
 0.002528
 0.002794
 0.002537
 0.002623
 0.002496
 0.002693
 0.002563
 0.002503
 0.002641
 0.002410
 0.002572
 0.002570
 0.002598
 0.002684
 0.002529
 0.002520
 0.002528
 0.002561
 0.002580
 0.002636
 0.002477
 0.002526
 0.002624
 0.002455
 0.002887
 0.002632
 0.002559
 0.002582
 0.002572
 0.002528
 0.002578
 0.002526
 0.002682
 0.002854
 0.002651
 0.002734
 0.003109
 0.002733
 0.002496
 0.002926
 0.002686
 0.002502
 0.002677
 0.002574
 0.002680
 0.002548
 0.002516
 0.002658
 0.002494
 0.002412
 0.002515
 0.002915
 0.002518
 0.002440
 0.002446
 0.003252
 0.002418
 0.002511
 0.002479
 0.002608
 0.002585
 0.002546
 0.002649
 0.003122
 0.002485
 0.002649
4 Procesos
 0.003072
 0.002941
 0.003392
 0.003053
 0.002969
 0.003025
 0.003200
 0.003034
 0.002986
 0.002971
 0.002962
 0.002876
 0.002980
 0.003036
 0.002982
 0.003604
 0.002965
 0.003118
 0.002963
 0.002978
 0.002911
 0.002993
 0.003006
 0.002991
 0.003014
 0.003127
 0.003075
 0.003198
 0.002937
 0.003254
 0.003049
 0.003060
 0.002952
 0.003694
 0.003058
 0.002956
 0.002915
 0.003014
 0.002967
 0.002984
 0.003083
 0.003424
 0.003217
 0.002984
 0.003226
 0.003260
 0.003332
 0.003042
 0.002995
 0.002986
 0.003221
 0.003615
 0.003187
 0.003072
 0.003014
 0.002915
 0.003004
 0.003407
 0.003064
 0.003017
 0.002921
 0.003327
 0.003444
 0.002855
 0.003070
 0.003235
 0.003170
 0.003250
 0.002999
 0.003083
 0.003310
 0.002967
 0.003230
 0.003288
 0.002997
 0.003213
 0.003209
 0.003085
 0.002967
 0.003306
 0.003090
 0.003112
 0.003010
 0.003036
 0.002945
 0.003090
 0.003032
 0.002988
 0.003185
 0.003172
 0.002889
 0.003122
 0.003248
 0.003178
 0.002939
 0.003032
 0.003178
 0.003045
 0.003083
 0.003006
 0.002868
8 Procesos
 0.003975
 0.004442
 0.003921
 0.004217
 0.003967
 0.004018
 0.004124
 0.004003
 0.003969
 0.003988
 0.004079
 0.004014
 0.003984
 0.004102
 0.003951
 0.003861
 0.003856
 0.004027
 0.003947
 0.003994
 0.003947
 0.004146
 0.003932
 0.004109
 0.003871
 0.003990
 0.003977
 0.003953
 0.004286
 0.004591
 0.003936
 0.004197
 0.003951
 0.003994
 0.004010
 0.003921
 0.004336
 0.003979
 0.003982
 0.003966
 0.004271
 0.004295
 0.004001
 0.003979
 0.004014
 0.004334
 0.003947
 0.004169
 0.004062
 0.004355
 0.003969
 0.004232
 0.003960
 0.004031
 0.004135
 0.003947
 0.004254
 0.004075
 0.003921
 0.003966
 0.003858
 0.004094
 0.003805
 0.004668
 0.003990
 0.003984
 0.004124
 0.003910
 0.003805
 0.003945
 0.003951
 0.004217
 0.003969
 0.004366
 0.003930
 0.004126
 0.003926
 0.003947
 0.004141
 0.004062
 0.003954
 0.004090
 0.003919
 0.004128
 0.004146
 0.004245
 0.022631
 0.004049
 0.003802
 0.036797
 0.004008
 0.004312
 0.004049
 0.003936
 0.003958
 0.004033
 0.003897
 0.004061
 0.004571
 0.003992
 0.003971
