 OMP Test
1 Proceso
 0.361703
 0.207299
 0.210056
 0.201451
 0.199899
 0.205334
 0.198258
 0.197085
 0.190774
 0.192730
 0.191828
 0.195973
 0.216445
 0.198178
 0.191370
 0.194853
 0.212489
 0.213664
 0.195025
 0.194196
 0.193805
 0.198560
 0.192277
 0.189820
 0.184763
 0.198117
 0.207447
 0.192840
 0.192523
 0.192108
 0.193655
 0.197878
 0.203865
 0.188226
 0.190977
 0.186073
 0.189029
 0.206953
 0.186479
 0.196097
 0.193693
 0.195585
 0.194697
 0.187851
 0.184605
 0.209093
 0.187080
 0.207409
 0.196328
 0.210335
 0.189813
 0.189442
 0.183573
 0.192465
 0.191521
 0.209663
 0.187293
 0.189416
 0.207379
 0.184467
 0.190863
 0.188375
 0.190202
 0.190292
 0.192272
 0.196721
 0.183994
 0.192653
 0.195520
 0.196183
 0.193819
 0.197399
 0.210643
 0.187483
 0.190934
 0.192398
 0.187425
 0.190148
 0.187248
 0.195883
 0.182372
 0.189563
 0.186672
 0.192303
 0.186566
 0.185993
 0.210214
 0.190033
 0.191398
 0.193071
 0.205738
 0.184737
 0.184577
 0.187768
 0.195375
 0.197683
 0.188140
 0.191569
 0.193205
 0.193682
2 Procesos
 0.203036
 0.187976
 0.205996
 0.186201
 0.194129
 0.191098
 0.186497
 0.190435
 0.186296
 0.191400
 0.196604
 0.198720
 0.189513
 0.186004
 0.199303
 0.207497
 0.190858
 0.193650
 0.194589
 0.194350
 0.186106
 0.188138
 0.189278
 0.191472
 0.191223
 0.197340
 0.183133
 0.197724
 0.189617
 0.186633
 0.190761
 0.190938
 0.186870
 0.193955
 0.201195
 0.187105
 0.193415
 0.185085
 0.208892
 0.190783
 0.194144
 0.190983
 0.185784
 0.188412
 0.201225
 0.189763
 0.188591
 0.184316
 0.202982
 0.187332
 0.182994
 0.192409
 0.210445
 0.193715
 0.195179
 0.196215
 0.204127
 0.191970
 0.196707
 0.197006
 0.191353
 0.189727
 0.190787
 0.199983
 0.189701
 0.191024
 0.187052
 0.194229
 0.193909
 0.194272
 0.185784
 0.195313
 0.196273
 0.192357
 0.196222
 0.188913
 0.192644
 0.192285
 0.184622
 0.200745
 0.195509
 0.199929
 0.185208
 0.182843
 0.187561
 0.192367
 0.203038
 0.195812
 0.186455
 0.211641
 0.185411
 0.188258
 0.186209
 0.197640
 0.186875
 0.199037
 0.197215
 0.191724
 0.183733
 0.184068
4 Procesos
 0.191499
 0.188798
 0.201695
 0.195952
 0.185203
 0.193840
 0.191085
 0.185458
 0.198765
 0.190804
 0.188030
 0.183651
 0.186045
 0.190163
 0.193091
 0.200504
 0.208087
 0.190385
 0.207664
 0.192128
 0.194158
 0.198571
 0.187038
 0.200121
 0.183150
 0.183437
 0.193713
 0.191415
 0.199107
 0.189498
 0.187175
 0.199052
 0.193108
 0.189930
 0.195161
 0.190027
 0.198007
 0.199478
 0.191284
 0.185274
 0.187511
 0.205342
 0.198662
 0.188908
 0.194905
 0.184739
 0.190362
 0.201469
 0.215387
 0.192018
 0.208829
 0.203062
 0.189440
 0.190578
 0.199459
 0.186518
 0.190010
 0.190288
 0.186183
 0.185834
 0.190329
 0.198517
 0.186425
 0.191614
 0.194341
 0.191486
 0.186805
 0.206757
 0.193536
 0.184875
 0.191784
 0.205677
 0.186594
 0.185911
 0.202056
 0.190385
 0.183765
 0.186210
 0.188293
 0.191614
 0.190482
 0.206500
 0.191454
 0.189772
 0.190925
 0.194283
 0.202324
 0.190130
 0.191692
 0.197561
 0.185015
 0.205016
 0.196187
 0.191927
 0.192603
 0.191601
 0.194695
 0.185497
 0.194987
 0.189461
8 Procesos
 0.192499
 0.191728
 0.185562
 0.188038
 0.215340
 0.195567
 0.192028
 0.208355
 0.183467
 0.182755
 0.187373
 0.191947
 0.196790
 0.190774
 0.208445
 0.194931
 0.189947
 0.200832
 0.186333
 0.184534
 0.189129
 0.198103
 0.192139
 0.186857
 0.189099
 0.189653
 0.198148
 0.218734
 0.187222
 0.184208
 0.183949
 0.194153
 0.194445
 0.193376
 0.194814
 0.197263
 0.192905
 0.198029
 0.194166
 0.182018
 0.196317
 0.185786
 0.188356
 0.184979
 0.197543
 0.197731
 0.184324
 0.199629
 0.197329
 0.198025
 0.191690
 0.183320
 0.184953
 0.190292
 0.201659
 0.187010
 0.186890
 0.196828
 0.185512
 0.202473
 0.200948
 0.191832
 0.191325
 0.197511
 0.191070
 0.193305
 0.195306
 0.198975
 0.189064
 0.193713
 0.190288
 0.184955
 0.184134
 0.196196
 0.184538
 0.190314
 0.186492
 0.198573
 0.192989
 0.184782
 0.189189
 0.185970
 0.190433
 0.210999
 0.205528
 0.187015
 0.191635
 0.207340
 0.184489
 0.199441
 0.187654
 0.199482
 0.188796
 0.193022
 0.192413
 0.183061
 0.198109
 0.195719
 0.188833
 0.204405
