 OMP Test
1 Proceso
 0.182798
 0.183146
 0.183918
 0.181342
 0.170097
 0.174446
 0.172021
 0.181122
 0.185369
 0.171697
 0.175375
 0.169171
 0.169637
 0.187015
 0.174968
 0.169819
 0.171043
 0.166692
 0.169793
 0.174791
 0.180675
 0.181768
 0.177767
 0.168003
 0.169462
 0.191987
 0.167230
 0.175547
 0.166081
 0.168586
 0.166312
 0.180870
 0.172609
 0.169331
 0.165923
 0.177065
 0.176784
 0.181356
 0.174958
 0.172982
 0.173446
 0.171185
 0.169139
 0.204643
 0.171006
 0.173511
 0.171589
 0.170898
 0.180414
 0.180228
 0.172593
 0.167141
 0.166213
 0.170598
 0.166954
 0.179738
 0.173736
 0.173878
 0.167347
 0.167601
 0.179248
 0.174688
 0.172600
 0.173809
 0.168409
 0.169933
 0.170410
 0.168594
 0.168379
 0.172915
 0.171844
 0.176581
 0.178089
 0.171669
 0.166098
 0.186799
 0.169303
 0.163967
 0.171954
 0.170304
 0.171136
 0.172488
 0.182003
 0.170259
 0.175962
 0.173813
 0.174567
 0.168767
 0.173137
 0.180811
 0.173574
 0.167804
 0.168459
 0.163306
 0.166746
 0.177907
 0.165749
 0.167578
 0.164898
 0.168655
2 Procesos
 0.192190
 0.168506
 0.165399
 0.165638
 0.165170
 0.171114
 0.173116
 0.174042
 0.165418
 0.172049
 0.166133
 0.178583
 0.173101
 0.168454
 0.168910
 0.172347
 0.164878
 0.166686
 0.166742
 0.173196
 0.168864
 0.172811
 0.170521
 0.167605
 0.179663
 0.173582
 0.181559
 0.173945
 0.164911
 0.173958
 0.168391
 0.167221
 0.163855
 0.173016
 0.161711
 0.170000
 0.165924
 0.175253
 0.165140
 0.173474
 0.172289
 0.166869
 0.173660
 0.173772
 0.172015
 0.168428
 0.163632
 0.173496
 0.183523
 0.163127
 0.172690
 0.166688
 0.173233
 0.173956
 0.163766
 0.167262
 0.192253
 0.169106
 0.166064
 0.167226
 0.172747
 0.164462
 0.175243
 0.165414
 0.166349
 0.166085
 0.166662
 0.168821
 0.167148
 0.164753
 0.172772
 0.176407
 0.166280
 0.174310
 0.166848
 0.173122
 0.165652
 0.191329
 0.164179
 0.176853
 0.165859
 0.181826
 0.173844
 0.172416
 0.165315
 0.184266
 0.167757
 0.174111
 0.165367
 0.170030
 0.163872
 0.167750
 0.174765
 0.171153
 0.164112
 0.165144
 0.173066
 0.178834
 0.173198
 0.166070
4 Procesos
 0.180326
 0.166385
 0.172803
 0.172930
 0.171309
 0.174571
 0.164494
 0.175053
 0.192594
 0.166431
 0.167089
 0.173425
 0.173336
 0.168059
 0.169484
 0.166606
 0.165945
 0.172716
 0.179356
 0.168433
 0.170430
 0.174930
 0.168635
 0.176564
 0.163162
 0.174655
 0.164542
 0.178177
 0.163730
 0.170100
 0.169961
 0.168923
 0.172157
 0.166250
 0.168033
 0.190534
 0.164304
 0.167316
 0.164486
 0.171285
 0.164494
 0.172107
 0.166304
 0.178076
 0.166966
 0.166774
 0.168044
 0.170754
 0.168581
 0.165721
 0.165787
 0.180770
 0.171728
 0.174178
 0.166366
 0.164118
 0.163741
 0.165606
 0.182223
 0.170618
 0.164837
 0.165438
 0.179831
 0.167606
 0.166649
 0.173721
 0.172244
 0.165537
 0.175308
 0.166958
 0.187969
 0.167476
 0.165839
 0.173654
 0.187287
 0.174262
 0.171239
 0.164919
 0.171933
 0.173569
 0.166100
 0.177722
 0.171004
 0.163276
 0.173556
 0.173964
 0.192363
 0.171239
 0.163801
 0.167377
 0.178283
 0.164993
 0.165567
 0.166427
 0.173232
 0.163386
 0.165239
 0.165114
 0.174081
 0.171242
8 Procesos
 0.167711
 0.176338
 0.164835
 0.166122
 0.167834
 0.169035
 0.163997
 0.174554
 0.171863
 0.190018
 0.164505
 0.165761
 0.164779
 0.188347
 0.176281
 0.171127
 0.172470
 0.182448
 0.167724
 0.167586
 0.165135
 0.171635
 0.172613
 0.171650
 0.165742
 0.180505
 0.171931
 0.168916
 0.172423
 0.175655
 0.170024
 0.174534
 0.169633
 0.178056
 0.166100
 0.166645
 0.172788
 0.173509
 0.171853
 0.173787
 0.165712
 0.171937
 0.174055
 0.174848
 0.177426
 0.166934
 0.165742
 0.166036
 0.172287
 0.165276
 0.168543
 0.173889
 0.179103
 0.165692
 0.163406
 0.163876
 0.173077
 0.173206
 0.172269
 0.194713
 0.169028
 0.166280
 0.164134
 0.180477
 0.165654
 0.165492
 0.173945
 0.171434
 0.172269
 0.164460
 0.187377
 0.188863
 0.166127
 0.165308
 0.171009
 0.165867
 0.164403
 0.167454
 0.172175
 0.172513
 0.171343
 0.179978
 0.186030
 0.171138
 0.173727
 0.168288
 0.174161
 0.166235
 0.174943
 0.166498
 0.164364
 0.186516
 0.165399
 0.200957
 0.164716
 0.167025
 0.173785
 0.179714
 0.163455
 0.165092
