1 Proceso
-0.196196
-0.187811
-0.189545
-0.174712
-0.174560
-0.175921
-0.203684
-0.199353
-0.177694
-0.172950
-0.195060
-0.179144
-0.200247
-0.185350
-0.174996
-0.171503
-0.181157
-0.182157
-0.170955
-0.170870
-0.175407
-0.175921
-0.175497
-0.178048
-0.171635
-0.169113
-0.170525
-0.168489
-0.177296
-0.177501
-0.206955
-0.179430
-0.175744
-0.170507
-0.172865
-0.175403
-0.170747
-0.169773
-0.171924
-0.168033
-0.186222
-0.180621
-0.172129
-0.175243
-0.187198
-0.189632
-0.171985
-0.174558
-0.175256
-0.167277
-0.180915
-0.170793
-0.167150
-0.178004
-0.172859
-0.175854
-0.182966
-0.174902
-0.170989
-0.179688
-0.177175
-0.169303
-0.167254
-0.167266
-0.166640
-0.176610
-0.169367
-0.164844
-0.166344
-0.166314
-0.165692
-0.179615
-0.166012
-0.167536
-0.168774
-0.169491
-0.169223
-0.170395
-0.168793
-0.168003
-0.185711
-0.166614
-0.187948
-0.174599
-0.167364
-0.168517
-0.166422
-0.167696
-0.171350
-0.166496
-0.171926
-0.165954
-0.172282
-0.166461
-0.173166
-0.174236
-0.164445
-0.166640
-0.166461
-0.165846
2 Procesos
-0.169095
-0.168823
-0.165857
-0.167016
-0.189731
-0.172704
-0.169728
-0.167567
-0.169933
-0.175817
-0.178486
-0.163309
-0.172930
-0.173328
-0.164827
-0.170290
-0.170549
-0.165431
-0.169234
-0.167266
-0.165869
-0.171777
-0.169013
-0.168847
-0.171063
-0.190178
-0.165468
-0.167867
-0.168802
-0.165707
-0.167910
-0.171540
-0.174625
-0.177808
-0.169586
-0.164857
-0.175089
-0.166858
-0.181468
-0.173388
-0.166977
-0.165403
-0.171648
-0.166897
-0.174565
-0.165913
-0.171497
-0.173818
-0.170441
-0.171034
-0.186896
-0.172751
-0.166459
-0.170533
-0.192733
-0.168227
-0.171529
-0.174342
-0.171578
-0.167834
-0.171401
-0.165194
-0.186706
-0.164345
-0.174357
-0.181049
-0.171311
-0.174025
-0.165995
-0.172973
-0.174351
-0.170624
-0.173435
-0.165340
-0.170028
-0.187539
-0.180839
-0.172060
-0.172097
-0.167202
-0.173971
-0.171266
-0.169428
-0.197096
-0.190565
-0.169199
-0.170246
-0.164324
-0.167364
-0.166235
-0.171144
-0.169491
-0.171376
-0.164934
-0.164978
-0.177937
-0.166303
-0.174591
-0.167552
-0.171280
4 Procesos
-0.184184
-0.166113
-0.170683
-0.174103
-0.173742
-0.181794
-0.168296
-0.165604
-0.165865
-0.175901
-0.164352
-0.171477
-0.165457
-0.174116
-0.173319
-0.171652
-0.166664
-0.178481
-0.185536
-0.163786
-0.166818
-0.170186
-0.178488
-0.166900
-0.167696
-0.194972
-0.166459
-0.174168
-0.166766
-0.174016
-0.171162
-0.174055
-0.169164
-0.194138
-0.164352
-0.177477
-0.183299
-0.176113
-0.170831
-0.174360
-0.169920
-0.189800
-0.168143
-0.167279
-0.171974
-0.173161
-0.187071
-0.167381
-0.169789
-0.169287
-0.171296
-0.165833
-0.193572
-0.163764
-0.164460
-0.163581
-0.191648
-0.174491
-0.170205
-0.167174
-0.180112
-0.165325
-0.165455
-0.166656
-0.176465
-0.166483
-0.175238
-0.164710
-0.192128
-0.172108
-0.181787
-0.172347
-0.178810
-0.164248
-0.171792
-0.173051
-0.168884
-0.173105
-0.167066
-0.174290
-0.166643
-0.176569
-0.169378
-0.173369
-0.189837
-0.174614
-0.170514
-0.169078
-0.171300
-0.180203
-0.166582
-0.166919
-0.164619
-0.193143
-0.169873
-0.178494
-0.167467
-0.178766
-0.183556
-0.165666
8 Procesos
-0.169657
-0.163810
-0.178082
-0.173666
-0.173630
-0.165552
-0.164472
-0.175228
-0.175778
-0.163626
-0.173887
-0.165626
-0.187244
-0.166342
-0.164265
-0.164865
-0.172850
-0.173287
-0.187354
-0.183707
-0.175307
-0.169102
-0.173878
-0.167845
-0.175077
-0.166850
-0.165056
-0.168828
-0.171974
-0.164559
-0.174696
-0.166012
-5.153796
-0.179319
-0.173397
-0.172369
-0.175096
-0.169454
-0.175601
-0.170633
-0.175780
-0.168851
-0.173522
-0.166332
-0.167020
-0.165965
-0.166645
-0.176918
-0.165936
-0.171989
-0.173362
-0.197107
-0.175137
-0.167573
-0.175148
-0.166811
-0.166671
-0.170263
-0.166269
-0.177052
-0.164786
-0.165259
-0.164250
-0.169599
-0.172507
-0.170849
-0.167033
-0.172418
-0.165291
-0.168251
-0.167349
-0.169039
-0.173695
-0.164654
-0.167565
-0.167063
-0.164941
-0.167578
-0.172641
-0.166358
-0.165055
-0.174889
-0.171071
-0.167403
-0.173595
-0.165751
-0.185616
-0.172887
-0.167266
-0.167452
-0.178963
-0.171073
-0.170009
-0.171039
-0.176404
-0.169521
-0.172457
-0.167046
-0.170730
-0.173062
