OMP Test
1 Proceso
 0.181401
 0.170611
 0.168484
 0.170464
 0.170166
 0.174083
 0.188252
 0.166569
 0.167333
 0.168888
 0.178123
 0.166791
 0.187006
 0.165045
 0.174897
 0.169385
 0.169016
 0.168037
 0.183662
 0.165407
 0.176568
 0.167729
 0.175120
 0.174906
 0.173761
 0.167364
 0.167048
 0.167318
 0.170149
 0.165941
 0.179093
 0.169540
 0.166090
 0.167087
 0.173660
 0.168992
 0.184337
 0.167070
 0.169702
 0.164349
 0.175983
 0.166303
 0.173384
 0.169501
 0.175776
 0.167631
 0.170751
 0.167459
 1.086958
 0.165939
 0.166336
 0.176340
 0.169454
 0.167077
 0.197418
 0.167770
 0.171358
 0.166861
 0.166437
 0.191975
 0.171758
 0.191441
 0.168098
 0.170397
 0.171082
 0.188150
 0.164581
 0.171266
 0.165623
 0.167619
 0.164801
 0.173325
 0.172585
 0.162942
 0.169823
 0.169922
 0.170009
 0.184013
 0.169614
 0.167903
 0.168663
 0.170205
 0.171505
 0.180406
 0.173340
 0.164250
 0.173623
 0.167025
 0.166526
 0.175424
 0.173310
 0.168383
 0.164414
 0.165630
 0.178676
 0.171416
 0.168398
 0.165299
 0.174953
 0.176955
2 Procesos
 0.187203
 0.173116
 0.165544
 0.173364
 0.172891
 0.169029
 0.163404
 0.166710
 0.169314
 0.170564
 0.177052
 0.175364
 0.167020
 0.163799
 0.176074
 0.166032
 0.168275
 0.174349
 0.168307
 0.175776
 0.173170
 0.181897
 0.165261
 0.166498
 0.166934
 0.176305
 0.178389
 0.166096
 0.165852
 0.163689
 0.168424
 0.166910
 0.164628
 0.176189
 0.173571
 0.173161
 0.173284
 0.167679
 0.189958
 0.164598
 0.171330
 0.167435
 0.182208
 0.165315
 0.165774
 0.165951
 0.177620
 0.175474
 0.164352
 0.174122
 0.179237
 0.165449
 0.173235
 0.164121
 0.167741
 0.167638
 0.167973
 0.167573
 0.191133
 0.165196
 0.172796
 0.166764
 0.166044
 0.165641
 0.175280
 0.165692
 0.186894
 0.167454
 0.167502
 0.167282
 0.173865
 0.165755
 0.165738
 0.166072
 0.182813
 0.165457
 0.165120
 0.166932
 0.179760
 0.166040
 0.163607
 0.167046
 0.181815
 0.166364
 0.167232
 0.165939
 0.173619
 0.165831
 0.167910
 0.171803
 0.171827
 0.167057
 0.166999
 0.164205
 0.182096
 0.173735
 0.164729
 0.174103
 0.170432
 0.173293
4 Procesos
 0.168530
 0.168972
 0.166336
 0.165729
 0.166005
 0.171615
 0.175428
 0.173060
 0.170795
 0.166010
 0.174699
 0.170277
 0.171313
 0.164913
 0.174316
 0.173876
 0.169119
 0.174310
 0.174288
 0.171395
 0.169160
 0.173135
 0.165138
 0.167722
 0.180606
 0.172200
 0.172479
 0.167403
 0.178071
 0.172820
 0.183590
 0.167102
 0.165422
 0.164000
 0.167446
 0.176445
 0.173084
 0.167636
 0.168215
 0.183379
 0.176612
 0.166994
 0.175236
 0.182290
 0.163417
 0.168638
 0.171863
 0.180988
 0.174353
 0.165438
 0.178508
 0.173198
 0.167865
 0.174686
 0.172172
 0.163760
 0.165146
 0.165407
 0.169808
 0.171151
 0.176316
 0.167530
 0.164967
 0.164161
 0.165248
 0.172773
 0.163512
 0.165606
 0.165394
 0.172885
 0.188135
 0.164188
 0.163298
 0.177791
 0.163984
 0.167441
 0.173993
 0.174191
 0.170968
 0.175843
 0.165882
 0.166535
 0.172179
 0.168238
 0.165232
 0.167657
 0.167035
 0.171846
 0.163967
 0.164481
 0.175979
 0.172887
 0.172814
 0.172812
 0.171464
 0.167575
 0.167610
 0.166606
 0.172099
 0.173043
8 Procesos
 0.165250
 0.163881
 0.163659
 0.172703
 0.181705
 0.166671
 0.173695
 0.163339
 0.176439
 0.166086
 0.173425
 0.169756
 0.166766
 0.164766
 0.177415
 0.166394
 0.186186
 0.165645
 0.174571
 0.165774
 0.180792
 0.172500
 0.174046
 0.176452
 0.177724
 0.171930
 0.173936
 0.165604
 0.193341
 0.173789
 0.173546
 0.165077
 0.182332
 0.171116
 0.164568
 0.165977
 0.178490
 0.168927
 0.166124
 0.174735
 0.177735
 0.165068
 0.173977
 0.165170
 0.191795
 0.164833
 0.167685
 0.169626
 0.173794
 0.174578
 0.164332
 0.171075
 0.173116
 0.165984
 0.164928
 0.179501
 0.172595
 0.164837
 0.166722
 0.177853
 0.164704
 0.164157
 0.165747
 0.189772
 0.166589
 0.166789
 0.170814
 0.173181
 0.166146
 0.168290
 0.190819
 0.165176
 0.166796
 0.172190
 0.173550
 0.163153
 0.173474
 0.167433
 0.169782
 0.173209
 0.173233
 0.171766
 0.171343
 0.166884
 0.173682
 0.164973
 0.166336
 0.172658
 0.173509
 0.172604
 0.175271
 0.177078
 0.172097
 0.172213
 0.167629
 0.168607
 0.173172
 0.174973
 0.166966
 0.163566
