1 Proceso
 0.192534
 0.189258
 0.202846
 0.176795
 0.175646
 0.193244
 0.174055
 0.181189
 0.192532
 0.178954
 0.178173
 0.183595
 0.172539
 0.209250
 0.170102
 0.191122
 0.175416
 0.173578
 0.172788
 0.176577
 0.174025
 0.173463
 0.170255
 0.177987
 0.193989
 0.190718
 0.170818
 0.173410
 0.167273
 0.175087
 0.178546
 0.173366
 0.172568
 0.172602
 0.166317
 0.167450
 0.187274
 0.167241
 0.166973
 0.169287
 0.167575
 0.170108
 0.167904
 0.177471
 0.166457
 0.187952
 0.170195
 0.170430
 0.197032
 0.185594
 0.170365
 0.175929
 0.166057
 0.174664
 0.170657
 0.165585
 0.168521
 0.179034
 0.165479
 0.183139
 0.201520
 0.173882
 0.165317
 0.173787
 0.186801
 0.171183
 0.171268
 0.165809
 0.165513
 0.171075
 0.175709
 0.201490
 0.173142
 0.171527
 0.165947
 0.166560
 0.167491
 0.170188
 0.168297
 0.171335
 0.168487
 0.174265
 0.167504
 0.172656
 0.164920
 0.173559
 0.168582
 0.170184
 0.170931
 0.170885
 0.165103
 0.174675
 0.173610
 0.170557
 0.165282
 0.169642
 0.165470
 0.166211
 0.171615
 0.170639
2 Procesos
 0.193354
 0.165783
 0.166556
 0.170423
 0.179885
 0.167225
 0.172947
 0.172557
 0.168327
 0.179177
 0.179678
 0.172593
 0.168888
 0.177832
 0.174614
 0.172621
 0.167923
 0.169547
 0.169033
 0.173394
 0.179842
 0.170756
 0.165872
 0.167707
 0.165129
 0.185540
 0.168351
 0.168284
 0.172652
 0.171673
 0.169301
 0.172839
 0.166288
 0.165740
 0.164699
 0.171242
 0.172319
 0.169534
 0.165613
 0.165101
 0.166528
 0.165982
 0.174465
 0.174018
 0.166852
 0.169398
 0.170676
 0.167048
 0.164842
 0.177970
 0.177993
 0.165682
 0.173038
 0.168012
 0.171062
 0.170941
 0.169467
 0.162721
 0.178121
 0.173796
 0.166649
 0.168132
 0.173388
 0.174060
 0.171771
 0.173969
 0.166278
 0.163931
 0.165757
 0.168232
 0.166522
 0.181295
 0.170970
 0.168582
 0.175573
 0.165740
 0.171995
 0.165261
 0.167895
 0.171991
 0.173539
 0.169437
 0.182126
 0.172788
 0.171065
 0.174426
 0.177622
 0.167618
 0.166032
 0.168543
 0.170384
 0.163563
 0.165084
 0.167944
 0.178555
 0.172289
 0.173634
 0.165768
 0.183308
 0.167441
4 Procesos
 0.163870
 0.170138
 0.167008
 0.174830
 0.166502
 0.171499
 0.171835
 0.170002
 0.169521
 0.177974
 0.165418
 0.177180
 0.168461
 0.170400
 0.165481
 0.165679
 0.166837
 0.173395
 0.172477
 0.166418
 0.174377
 0.172291
 0.172028
 0.164820
 0.166303
 0.164898
 0.165666
 0.165751
 0.175506
 0.165069
 0.168620
 0.165325
 0.174463
 0.165468
 0.165530
 0.165757
 0.174833
 0.172218
 0.172518
 0.166785
 0.172568
 0.172822
 0.164859
 0.167554
 0.180585
 0.172347
 0.165986
 0.172675
 0.171099
 0.169521
 0.164693
 0.164503
 0.174973
 0.165939
 0.165673
 0.175351
 0.172270
 0.173695
 0.165470
 0.174981
 0.165055
 0.164436
 0.184843
 0.180122
 0.172773
 0.172880
 0.174753
 0.179395
 0.170225
 0.167420
 0.174172
 0.188414
 0.171406
 0.174357
 0.167998
 0.175344
 0.165740
 0.167489
 0.166930
 0.172721
 0.165809
 0.163438
 0.173051
 0.168031
 0.171473
 0.164771
 0.166178
 0.165822
 0.194846
 0.166178
 0.164811
 0.167124
 0.179779
 0.173826
 0.170870
 0.174884
 0.164054
 0.170724
 0.175146
 0.170764
8 Procesos
 3.177095
 0.166060
 0.174804
 0.170540
 0.164485
 0.165241
 0.165401
 0.166649
 0.164175
 0.173859
 0.165932
 0.172563
 0.164181
 0.171008
 0.166878
 0.195146
 0.167925
 0.174593
 0.165921
 0.177622
 0.174128
 0.173340
 0.166090
 0.177519
 0.172621
 0.173079
 0.166163
 0.170888
 0.172626
 0.166984
 0.173468
 0.170464
 0.174489
 0.172069
 0.172708
 0.179648
 0.173440
 0.169443
 0.166114
 0.164615
 0.168435
 0.169737
 0.174494
 0.166571
 0.172876
 0.167500
 0.176622
 0.166308
 0.162538
 0.165954
 0.174515
 0.174381
 0.166455
 0.166176
 0.184370
 0.172278
 0.167659
 0.170156
 0.169981
 0.165291
 0.164855
 0.174701
 0.175355
 0.165023
 0.164265
 0.166243
 0.174191
 0.171477
 0.177156
 0.170168
 0.165071
 0.165505
 0.164308
 0.200512
 0.175862
 0.164380
 0.165425
 0.173341
 0.172963
 0.167040
 0.166083
 0.164516
 0.171648
 0.164710
 0.177966
 0.164853
 0.164516
 0.169476
 0.169540
 0.166833
 0.165423
 0.166424
 0.167210
 0.163579
 0.169162
 0.170145
 0.164246
 0.167029
 0.165211
 0.174366
