1 Proceso
 0.002217
 0.002507
 0.001967
 0.002060
 0.001924
 0.001948
 0.002060
 0.002066
 0.002056
 0.001963
 0.002054
 0.001956
 0.002060
 0.002028
 0.001946
 0.002028
 0.001993
 0.002006
 0.002230
 0.001991
 0.001999
 0.002032
 0.001980
 0.002090
 0.002125
 0.002116
 0.002349
 0.002135
 0.001987
 0.002015
 0.002148
 0.002027
 0.001965
 0.001909
 0.002168
 0.002034
 0.001984
 0.002066
 0.001978
 0.001941
 0.002066
 0.002066
 0.002107
 0.002034
 0.002015
 0.002066
 0.002053
 0.002038
 0.002170
 0.002235
 0.002088
 0.001987
 0.001881
 0.002053
 0.002002
 0.001991
 0.001965
 0.002662
 0.002004
 0.001956
 0.001960
 0.001889
 0.001960
 0.001960
 0.001920
 0.001926
 0.002002
 0.002034
 0.002019
 0.001956
 0.002010
 0.001956
 0.002101
 0.001932
 0.002174
 0.001976
 0.002019
 0.001937
 0.002028
 0.001922
 0.002336
 0.002073
 0.001958
 0.002036
 0.002058
 0.002138
 0.001904
 0.001930
 0.001900
 0.002198
 0.001850
 0.002004
 0.001991
 0.001946
 0.002030
 0.001950
 0.002120
 0.001993
 0.002207
 0.001956
 0.002135
2 Procesos
 0.002548
 0.002541
 0.002490
 0.002947
 0.002554
 0.002693
 0.002580
 0.002639
 0.002550
 0.002526
 0.002677
 0.002572
 0.002870
 0.002759
 0.002477
 0.002623
 0.002444
 0.002475
 0.002425
 0.002544
 0.002556
 0.002444
 0.002543
 0.002544
 0.002587
 0.002654
 0.003079
 0.002516
 0.002595
 0.002570
 0.002496
 0.002533
 0.003155
 0.002505
 0.002583
 0.002574
 0.002546
 0.002872
 0.002645
 0.002552
 0.002502
 0.002481
 0.002535
 0.002535
 0.002850
 0.002740
 0.003275
 0.002457
 0.002624
 0.002578
 0.002475
 0.002539
 0.002585
 0.002572
 0.002587
 0.002557
 0.002472
 0.002541
 0.003096
 0.002492
 0.002380
 0.002557
 0.002572
 0.002556
 0.002773
 0.002729
 0.002466
 0.002638
 0.002511
 0.002379
 0.002654
 0.002410
 0.002515
 0.002490
 0.002688
 0.002680
 0.002563
 0.002554
 0.002466
 0.002518
 0.002468
 0.002604
 0.002535
 0.002807
 0.002556
 0.002839
 0.002518
 0.002587
 0.002533
 0.002582
 0.002442
 0.002820
 0.003029
 0.002677
 0.003019
 0.002723
 0.002827
 0.002526
 0.002574
 0.002576
 0.002509
4 Procesos
 0.002962
 0.002846
 0.002956
 0.003653
 0.003235
 0.003221
 0.002999
 0.003429
 0.003012
 0.003047
 0.003088
 0.002939
 0.002950
 0.003103
 0.003042
 0.003010
 0.002915
 0.003181
 0.003699
 0.003004
 0.002999
 0.003016
 0.002997
 0.003014
 0.003118
 0.003032
 0.003006
 0.003135
 0.003140
 0.002883
 0.003081
 0.003176
 0.007246
 0.003269
 0.003111
 0.002999
 0.003075
 0.003008
 0.002984
 0.002971
 0.003127
 0.003107
 0.002911
 0.003051
 0.003101
 0.002967
 0.002986
 0.002937
 0.003265
 0.002952
 0.003066
 0.003040
 0.003083
 0.002882
 0.003159
 0.003360
 0.002991
 0.003058
 0.003017
 0.003077
 0.003492
 0.003161
 0.003399
 0.003133
 0.002934
 0.002963
 0.003019
 0.003444
 0.003072
 0.002868
 0.003198
 0.003111
 0.003027
 0.003522
 0.003221
 0.003044
 0.002915
 0.003219
 0.003094
 0.003165
 0.003206
 0.003148
 0.003096
 0.003336
 0.003111
 0.003355
 0.003066
 0.003180
 0.003185
 0.003127
 0.003057
 0.003079
 0.003124
 0.003245
 0.003230
 0.003006
 0.002863
 0.003077
 0.002958
 0.003101
 0.003211
8 Procesos
 0.004342
 0.004055
 0.004055
 0.004485
 0.004191
 0.003897
 0.003835
 0.003889
 0.003962
 0.003980
 0.003900
 0.004137
 0.004349
 0.004001
 0.004062
 0.003912
 0.004129
 0.003997
 0.003941
 0.004005
 0.003967
 0.003906
 0.003988
 0.004087
 0.003954
 0.003962
 0.004217
 0.004128
 0.004055
 0.003930
 0.010245
 0.004057
 0.004534
 0.003794
 0.003967
 0.003954
 0.003966
 0.004143
 0.003982
 0.003977
 0.003844
 0.003975
 0.004122
 0.004150
 0.004075
 0.003932
 0.003988
 0.003932
 0.004271
 0.003913
 0.003908
 0.003923
 0.003913
 0.003921
 0.004703
 0.003926
 0.003925
 0.004025
 0.003949
 0.003934
 0.003973
 0.004353
 0.004034
 0.004198
 0.003947
 0.004040
 0.004213
 0.004089
 0.003947
 0.003943
 0.004074
 0.003971
 0.003943
 0.004059
 0.003962
 0.004033
 0.003852
 0.003880
 0.003919
 0.004074
 0.004053
 0.004159
 0.003912
 0.004036
 0.003947
 0.004245
 0.003839
 0.003912
 0.004187
 0.004252
 0.003949
 0.003941
 0.004016
 0.003975
 0.004008
 0.003939
 0.004105
 0.003947
 0.004018
 0.003966
 0.003910
