 OMP Test
1 Proceso
 0.189122
 0.196550
 0.184454
 0.179982
 0.196211
 0.184644
 0.185547
 0.191620
 0.179894
 0.188215
 0.189360
 0.190301
 0.194684
 0.185933
 0.171274
 0.189316
 0.174303
 0.177981
 0.191059
 0.170799
 0.177942
 0.175089
 0.175904
 0.205694
 0.193156
 0.184115
 0.172345
 0.172669
 0.176700
 0.169896
 0.169860
 0.171943
 0.169409
 0.167890
 0.192272
 0.168769
 0.175113
 0.169406
 0.165891
 0.171218
 0.172162
 0.176126
 0.166284
 0.172177
 0.171348
 0.174662
 0.186548
 0.174163
 0.177860
 0.175180
 0.169855
 0.174122
 0.179537
 0.172680
 0.172194
 0.172552
 0.169931
 0.167854
 0.175878
 0.171684
 0.183318
 0.168948
 0.169476
 0.172175
 0.172688
 0.169866
 0.170711
 0.171112
 0.164164
 0.170968
 0.177000
 0.172844
 0.169551
 0.169614
 0.174731
 0.170626
 0.185240
 0.170387
 0.165477
 0.170628
 0.168193
 0.174306
 0.170438
 0.181865
 0.174949
 0.184584
 0.170017
 0.172034
 0.166235
 0.166671
 0.168018
 0.171166
 0.166969
 0.167677
 0.169171
 0.167506
 0.167560
 0.166304
 0.173353
 0.166366
2 Procesos
 0.166157
 0.165608
 0.179553
 0.166275
 0.172786
 0.165764
 0.175171
 0.166113
 0.172226
 0.170255
 0.163704
 0.167612
 0.165952
 0.170536
 0.173030
 0.177938
 0.183625
 0.163231
 0.172887
 0.188638
 0.173289
 0.165196
 0.164347
 0.173954
 0.174511
 0.185104
 0.165736
 0.166703
 0.166439
 0.166245
 0.166876
 0.172157
 0.172013
 0.185376
 0.165340
 0.170436
 0.171112
 0.186510
 0.167368
 0.170261
 0.171794
 0.172192
 0.165701
 0.174059
 0.170916
 0.191625
 0.164201
 0.166692
 0.170628
 0.183091
 0.168467
 0.167033
 0.170156
 0.168344
 0.172760
 0.165038
 0.164878
 0.165418
 0.193292
 0.179494
 0.173895
 0.167077
 0.171628
 0.164783
 0.171484
 0.165625
 0.170209
 0.169070
 0.170184
 0.172801
 0.180855
 0.165626
 0.188062
 0.165118
 0.167141
 0.167068
 0.168504
 0.170406
 0.168674
 0.166286
 0.173269
 0.165081
 0.191540
 0.165651
 0.178764
 0.173975
 0.178641
 0.169486
 0.183025
 0.167646
 0.193115
 0.174679
 0.180632
 0.173999
 0.197584
 0.181099
 0.168253
 0.174664
 0.183212
 0.171706
4 Procesos
 0.166856
 0.187909
 0.165075
 0.170568
 0.169920
 0.182079
 0.173675
 0.166228
 0.175126
 0.166070
 0.175109
 0.170629
 0.168603
 0.174399
 0.172978
 0.167226
 0.165984
 0.171525
 0.166478
 0.164963
 0.166154
 0.172848
 0.166757
 0.166455
 0.170460
 0.170261
 0.166865
 0.173086
 0.165524
 0.168188
 0.172285
 0.168568
 0.189370
 0.166029
 0.166673
 0.165265
 0.179335
 0.169583
 0.166448
 0.164332
 0.172183
 0.166668
 0.165563
 0.168387
 0.173701
 0.165921
 0.166368
 0.172960
 0.171913
 0.183776
 0.169031
 0.173977
 0.172066
 0.166789
 0.165209
 0.173325
 0.169186
 0.169184
 0.166152
 0.165995
 0.165874
 0.166964
 0.169761
 0.170579
 0.166474
 0.166450
 0.177676
 0.178622
 0.165503
 0.171060
 0.167925
 0.183286
 0.174541
 0.173448
 0.165526
 0.185734
 0.182545
 0.169756
 0.178345
 0.169640
 0.167428
 0.171799
 0.169061
 0.170153
 0.172421
 0.166420
 0.186436
 0.167750
 5.170293
 0.171417
 0.173213
 0.175925
 0.186037
 5.154790
 0.179283
 0.182515
 0.176983
 0.175003
 0.169728
 0.175135
8 Procesos
 0.166442
 0.175098
 0.173492
 0.174230
 0.167368
 0.171928
 0.173992
 0.174919
 0.176117
 0.180475
 0.165738
 0.166455
 0.173138
 0.177449
 0.172965
 0.164816
 0.172621
 0.181142
 0.166496
 0.168087
 0.178220
 0.182679
 0.165032
 0.175938
 0.173500
 0.193151
 0.172790
 0.168800
 0.167785
 0.184707
 0.169573
 0.171840
 0.174960
 0.178201
 0.174616
 0.165332
 0.167333
 0.180818
 0.166081
 0.167536
 0.167174
 0.171650
 0.174340
 0.165500
 0.166515
 0.170600
 0.173148
 0.183301
 0.168605
 0.177607
 0.173941
 0.166135
 0.179838
 0.183634
 0.165407
 0.175172
 0.181653
 0.179896
 0.165209
 0.166364
 0.181666
 0.174111
 0.164891
 0.165857
 0.187473
 0.171775
 0.167033
 0.174649
 0.171103
 0.164166
 0.173617
 0.166140
 0.183724
 0.167273
 0.166448
 0.167074
 0.165891
 0.176342
 0.165388
 0.172060
 0.174081
 0.174459
 0.164989
 0.187423
 0.165714
 0.172973
 0.173124
 0.178913
 0.165679
 0.173459
 0.166209
 0.177514
 0.174023
 0.173043
 0.172617
 0.174848
 0.165423
 0.176312
 0.185510
 0.165841
